\BOOKMARK [1][-]{section.1}{Capstone Project}{}% 1
\BOOKMARK [1][-]{section.2}{Definition}{}% 2
\BOOKMARK [2][-]{subsection.2.1}{Project Overview}{section.2}% 3
\BOOKMARK [2][-]{subsection.2.2}{Problem Statement}{section.2}% 4
\BOOKMARK [2][-]{subsection.2.3}{Metrics}{section.2}% 5
\BOOKMARK [1][-]{section.3}{Analysis}{}% 6
\BOOKMARK [2][-]{subsection.3.1}{Data Exploration}{section.3}% 7
\BOOKMARK [2][-]{subsection.3.2}{Exploratory Visualization}{section.3}% 8
\BOOKMARK [2][-]{subsection.3.3}{Algorithms and Techniques}{section.3}% 9
\BOOKMARK [3][-]{subsubsection.3.3.1}{Linear Regression Approach}{subsection.3.3}% 10
\BOOKMARK [3][-]{subsubsection.3.3.2}{ARIMA Approach}{subsection.3.3}% 11
\BOOKMARK [2][-]{subsection.3.4}{Benchmark}{section.3}% 12
\BOOKMARK [1][-]{section.4}{Methodology}{}% 13
\BOOKMARK [2][-]{subsection.4.1}{Data Preprocessing}{section.4}% 14
\BOOKMARK [2][-]{subsection.4.2}{Implementation}{section.4}% 15
\BOOKMARK [3][-]{subsubsection.4.2.1}{Linear Regression}{subsection.4.2}% 16
\BOOKMARK [3][-]{subsubsection.4.2.2}{ARIMA modeling}{subsection.4.2}% 17
\BOOKMARK [2][-]{subsection.4.3}{Refinement}{section.4}% 18
\BOOKMARK [1][-]{section.5}{Results}{}% 19
\BOOKMARK [2][-]{subsection.5.1}{Model Evaluation and Validation}{section.5}% 20
\BOOKMARK [3][-]{subsubsection.5.1.1}{AAPL}{subsection.5.1}% 21
\BOOKMARK [3][-]{subsubsection.5.1.2}{GOOG}{subsection.5.1}% 22
\BOOKMARK [3][-]{subsubsection.5.1.3}{XOM}{subsection.5.1}% 23
\BOOKMARK [2][-]{subsection.5.2}{Robustness}{section.5}% 24
\BOOKMARK [2][-]{subsection.5.3}{Justification}{section.5}% 25
\BOOKMARK [1][-]{section.6}{Conclusion}{}% 26
\BOOKMARK [2][-]{subsection.6.1}{Free-Form Visualization}{section.6}% 27
\BOOKMARK [2][-]{subsection.6.2}{Reflection}{section.6}% 28
\BOOKMARK [2][-]{subsection.6.3}{Improvement}{section.6}% 29
\BOOKMARK [2][-]{subsection.6.4}{Challenges}{section.6}% 30
\BOOKMARK [1][-]{section.7}{References}{}% 31
